<?xml version="1.0" encoding="UTF-8"?>
<!-- Generated by org.testng.reporters.JUnitReportReporter -->
<testsuite skipped="0" hostname="LAPTOP-UNVJLEE0" name="RepeatTestNg.class2" tests="1" failures="0" timestamp="2021-09-15T15:24:34 IST" time="0.001" errors="0">
  <testcase name="Ploan" time="0.001" classname="RepeatTestNg.class2"/>
  <system-out/>
</testsuite> <!-- RepeatTestNg.class2 -->
