<?xml version="1.0" encoding="UTF-8"?>
<!-- Generated by org.testng.reporters.JUnitReportReporter -->
<testsuite skipped="0" hostname="LAPTOP-UNVJLEE0" name="RepeatTestNg.class1" tests="2" failures="0" timestamp="2021-09-15T15:24:34 IST" time="0.009" errors="0">
  <testcase name="demo" time="0.007" classname="RepeatTestNg.class1"/>
  <system-out/>
  <testcase name="secondTest" time="0.002" classname="RepeatTestNg.class1"/>
  <system-out/>
</testsuite> <!-- RepeatTestNg.class1 -->
