<?xml version="1.0" encoding="UTF-8"?>
<!-- Generated by org.testng.reporters.JUnitReportReporter -->
<testsuite skipped="0" hostname="LAPTOP-UNVJLEE0" name="RepeatTestNg.class3" tests="5" failures="0" timestamp="2021-09-15T15:24:34 IST" time="0.015" errors="0">
  <testcase name="WebLogincarLoan" time="0.006" classname="RepeatTestNg.class3"/>
  <system-out/>
  <testcase name="WebLogoutcarLoan" time="0.000" classname="RepeatTestNg.class3"/>
  <system-out/>
  <testcase name="MobileLogincarLoan" time="0.005" classname="RepeatTestNg.class3"/>
  <system-out/>
  <testcase name="WebLogoutcarLoan" time="0.003" classname="RepeatTestNg.class3"/>
  <system-out/>
  <testcase name="WebLogoutcarLoan" time="0.001" classname="RepeatTestNg.class3"/>
  <system-out/>
</testsuite> <!-- RepeatTestNg.class3 -->
